2023-02-25 20:42:45 root         INFO     Starting sales producer
2023-02-25 20:42:45 root         INFO     Produced {'seller_id': 'DEN', 'amount_usd': 284, 'sale_ts': 1677350565311} to topic sales-usd partition 0 offset 9
2023-02-25 20:42:50 root         INFO     Produced {'seller_id': 'LNK', 'amount_usd': 807, 'sale_ts': 1677350570525} to topic sales-usd partition 0 offset 19
2023-02-25 20:42:55 root         INFO     Produced {'seller_id': 'OMA', 'amount_usd': 996, 'sale_ts': 1677350575734} to topic sales-usd partition 0 offset 29
2023-02-25 20:43:01 root         INFO     Produced {'seller_id': 'DEN', 'amount_usd': 791, 'sale_ts': 1677350580943} to topic sales-usd partition 0 offset 39
2023-02-25 20:43:06 root         INFO     Produced {'seller_id': 'DEN', 'amount_usd': 983, 'sale_ts': 1677350586152} to topic sales-usd partition 0 offset 49
2023-02-25 20:43:11 root         INFO     Produced {'seller_id': 'DEN', 'amount_usd': 945, 'sale_ts': 1677350591361} to topic sales-usd partition 0 offset 59
2023-02-25 20:43:16 root         INFO     Produced {'seller_id': 'OMA', 'amount_usd': 346, 'sale_ts': 1677350596567} to topic sales-usd partition 0 offset 69
2023-02-25 20:43:21 root         INFO     Produced {'seller_id': 'LNK', 'amount_usd': 302, 'sale_ts': 1677350601776} to topic sales-usd partition 0 offset 79
2023-02-25 20:43:27 root         INFO     Produced {'seller_id': 'OMA', 'amount_usd': 126, 'sale_ts': 1677350606984} to topic sales-usd partition 0 offset 89
2023-02-25 20:43:32 root         INFO     Produced {'seller_id': 'DEN', 'amount_usd': 904, 'sale_ts': 1677350612191} to topic sales-usd partition 0 offset 99
2023-02-25 20:43:37 root         INFO     Produced {'seller_id': 'KC', 'amount_usd': 410, 'sale_ts': 1677350617400} to topic sales-usd partition 0 offset 109
2023-02-25 20:43:42 root         INFO     Produced {'seller_id': 'LNK', 'amount_usd': 289, 'sale_ts': 1677350622604} to topic sales-usd partition 0 offset 119
2023-02-25 20:43:48 root         INFO     Produced {'seller_id': 'OMA', 'amount_usd': 894, 'sale_ts': 1677350627811} to topic sales-usd partition 0 offset 129
2023-02-25 20:43:53 root         INFO     Produced {'seller_id': 'KC', 'amount_usd': 281, 'sale_ts': 1677350633017} to topic sales-usd partition 0 offset 139
2023-02-25 20:43:58 root         INFO     Produced {'seller_id': 'LNK', 'amount_usd': 512, 'sale_ts': 1677350638225} to topic sales-usd partition 0 offset 149
2023-02-25 20:44:03 root         INFO     Produced {'seller_id': 'DEN', 'amount_usd': 670, 'sale_ts': 1677350643432} to topic sales-usd partition 0 offset 159
2023-02-25 20:44:08 root         INFO     Produced {'seller_id': 'OMA', 'amount_usd': 353, 'sale_ts': 1677350648639} to topic sales-usd partition 0 offset 169
2023-02-25 20:44:14 root         INFO     Produced {'seller_id': 'LNK', 'amount_usd': 685, 'sale_ts': 1677350653848} to topic sales-usd partition 0 offset 179
2023-02-25 20:44:19 root         INFO     Produced {'seller_id': 'KC', 'amount_usd': 542, 'sale_ts': 1677350659056} to topic sales-usd partition 0 offset 189
2023-02-25 20:44:24 root         INFO     Produced {'seller_id': 'KC', 'amount_usd': 359, 'sale_ts': 1677350664265} to topic sales-usd partition 0 offset 199
2023-02-25 20:44:29 root         INFO     Produced {'seller_id': 'DEN', 'amount_usd': 860, 'sale_ts': 1677350669471} to topic sales-usd partition 0 offset 209
2023-02-25 20:44:34 root         INFO     Produced {'seller_id': 'LNK', 'amount_usd': 953, 'sale_ts': 1677350674676} to topic sales-usd partition 0 offset 219
2023-02-25 20:44:40 root         INFO     Produced {'seller_id': 'OMA', 'amount_usd': 251, 'sale_ts': 1677350679881} to topic sales-usd partition 0 offset 229
2023-02-25 20:44:45 root         INFO     Produced {'seller_id': 'DEN', 'amount_usd': 678, 'sale_ts': 1677350685092} to topic sales-usd partition 0 offset 239
2023-02-25 20:44:50 root         INFO     Produced {'seller_id': 'LNK', 'amount_usd': 545, 'sale_ts': 1677350690297} to topic sales-usd partition 0 offset 249
2023-02-25 20:44:55 root         INFO     Produced {'seller_id': 'KC', 'amount_usd': 563, 'sale_ts': 1677350695506} to topic sales-usd partition 0 offset 259
2023-02-25 20:45:00 root         INFO     Produced {'seller_id': 'OMA', 'amount_usd': 848, 'sale_ts': 1677350700715} to topic sales-usd partition 0 offset 269
2023-02-25 20:45:06 root         INFO     Produced {'seller_id': 'KC', 'amount_usd': 105, 'sale_ts': 1677350705923} to topic sales-usd partition 0 offset 279
2023-02-25 20:45:11 root         INFO     Produced {'seller_id': 'OMA', 'amount_usd': 817, 'sale_ts': 1677350711132} to topic sales-usd partition 0 offset 289
2023-02-25 20:45:16 root         INFO     Produced {'seller_id': 'DEN', 'amount_usd': 362, 'sale_ts': 1677350716339} to topic sales-usd partition 0 offset 299
2023-02-25 20:45:21 root         INFO     Produced {'seller_id': 'LNK', 'amount_usd': 255, 'sale_ts': 1677350721548} to topic sales-usd partition 0 offset 309
2023-02-25 20:45:26 root         INFO     Produced {'seller_id': 'DEN', 'amount_usd': 683, 'sale_ts': 1677350726751} to topic sales-usd partition 0 offset 319
2023-02-25 20:45:32 root         INFO     Produced {'seller_id': 'KC', 'amount_usd': 443, 'sale_ts': 1677350731959} to topic sales-usd partition 0 offset 329
2023-02-25 20:45:37 root         INFO     Produced {'seller_id': 'DEN', 'amount_usd': 849, 'sale_ts': 1677350737167} to topic sales-usd partition 0 offset 339
2023-02-25 20:45:42 root         INFO     Produced {'seller_id': 'DEN', 'amount_usd': 877, 'sale_ts': 1677350742374} to topic sales-usd partition 0 offset 349
2023-02-25 20:45:47 root         INFO     Produced {'seller_id': 'OMA', 'amount_usd': 557, 'sale_ts': 1677350747579} to topic sales-usd partition 0 offset 359
2023-02-25 20:45:52 root         INFO     Produced {'seller_id': 'OMA', 'amount_usd': 539, 'sale_ts': 1677350752788} to topic sales-usd partition 0 offset 369
2023-02-25 20:45:58 root         INFO     Produced {'seller_id': 'LNK', 'amount_usd': 436, 'sale_ts': 1677350757994} to topic sales-usd partition 0 offset 379
