2023-02-06 21:37:21 root         INFO     Starting sales producer
2023-02-06 21:37:21 root         INFO     Produced {'seller_id': 'DEN', 'amount_usd': 150, 'sale_ts': 1675712241548} to topic sales-usd partition 0 offset 9
2023-02-06 21:37:27 root         INFO     Produced {'seller_id': 'KC', 'amount_usd': 788, 'sale_ts': 1675712246834} to topic sales-usd partition 0 offset 19
2023-02-06 21:37:32 root         INFO     Produced {'seller_id': 'DEN', 'amount_usd': 391, 'sale_ts': 1675712252046} to topic sales-usd partition 0 offset 29
2023-02-06 21:37:37 root         INFO     Produced {'seller_id': 'OMA', 'amount_usd': 882, 'sale_ts': 1675712257258} to topic sales-usd partition 0 offset 39
2023-02-06 21:37:42 root         INFO     Produced {'seller_id': 'KC', 'amount_usd': 253, 'sale_ts': 1675712262470} to topic sales-usd partition 0 offset 49
2023-02-06 21:37:47 root         INFO     Produced {'seller_id': 'KC', 'amount_usd': 351, 'sale_ts': 1675712267678} to topic sales-usd partition 0 offset 59
2023-02-06 21:37:53 root         INFO     Produced {'seller_id': 'DEN', 'amount_usd': 806, 'sale_ts': 1675712272886} to topic sales-usd partition 0 offset 69
2023-02-06 21:37:58 root         INFO     Produced {'seller_id': 'DEN', 'amount_usd': 250, 'sale_ts': 1675712278098} to topic sales-usd partition 0 offset 79
2023-02-06 21:38:03 root         INFO     Produced {'seller_id': 'LNK', 'amount_usd': 846, 'sale_ts': 1675712283306} to topic sales-usd partition 0 offset 89
2023-02-06 21:38:08 root         INFO     Produced {'seller_id': 'LNK', 'amount_usd': 226, 'sale_ts': 1675712288525} to topic sales-usd partition 0 offset 99
2023-02-06 21:38:13 root         INFO     Produced {'seller_id': 'OMA', 'amount_usd': 317, 'sale_ts': 1675712293738} to topic sales-usd partition 0 offset 109
2023-02-06 21:38:19 root         INFO     Produced {'seller_id': 'DEN', 'amount_usd': 663, 'sale_ts': 1675712298952} to topic sales-usd partition 0 offset 119
2023-02-06 21:38:24 root         INFO     Produced {'seller_id': 'OMA', 'amount_usd': 361, 'sale_ts': 1675712304162} to topic sales-usd partition 0 offset 129
2023-02-06 21:38:29 root         INFO     Produced {'seller_id': 'DEN', 'amount_usd': 979, 'sale_ts': 1675712309369} to topic sales-usd partition 0 offset 139
2023-02-06 21:38:34 root         INFO     Produced {'seller_id': 'OMA', 'amount_usd': 270, 'sale_ts': 1675712314581} to topic sales-usd partition 0 offset 149
2023-02-06 21:38:40 root         INFO     Produced {'seller_id': 'LNK', 'amount_usd': 703, 'sale_ts': 1675712319800} to topic sales-usd partition 0 offset 159
2023-02-06 21:38:45 root         INFO     Produced {'seller_id': 'LNK', 'amount_usd': 460, 'sale_ts': 1675712325054} to topic sales-usd partition 0 offset 169
2023-02-06 21:38:50 root         INFO     Produced {'seller_id': 'KC', 'amount_usd': 852, 'sale_ts': 1675712330266} to topic sales-usd partition 0 offset 179
2023-02-06 21:38:55 root         INFO     Produced {'seller_id': 'OMA', 'amount_usd': 334, 'sale_ts': 1675712335478} to topic sales-usd partition 0 offset 189
2023-02-06 21:39:00 root         INFO     Produced {'seller_id': 'KC', 'amount_usd': 188, 'sale_ts': 1675712340691} to topic sales-usd partition 0 offset 199
2023-02-06 21:39:06 root         INFO     Produced {'seller_id': 'DEN', 'amount_usd': 784, 'sale_ts': 1675712345902} to topic sales-usd partition 0 offset 209
2023-02-06 21:39:11 root         INFO     Produced {'seller_id': 'OMA', 'amount_usd': 387, 'sale_ts': 1675712351106} to topic sales-usd partition 0 offset 219
2023-02-06 21:39:16 root         INFO     Produced {'seller_id': 'DEN', 'amount_usd': 336, 'sale_ts': 1675712356327} to topic sales-usd partition 0 offset 229
2023-02-06 21:39:21 root         INFO     Produced {'seller_id': 'OMA', 'amount_usd': 453, 'sale_ts': 1675712361546} to topic sales-usd partition 0 offset 239
2023-02-06 21:39:26 root         INFO     Produced {'seller_id': 'KC', 'amount_usd': 530, 'sale_ts': 1675712366759} to topic sales-usd partition 0 offset 249
2023-02-06 21:39:32 root         INFO     Produced {'seller_id': 'LNK', 'amount_usd': 598, 'sale_ts': 1675712371978} to topic sales-usd partition 0 offset 259
2023-02-06 21:39:37 root         INFO     Produced {'seller_id': 'DEN', 'amount_usd': 809, 'sale_ts': 1675712377198} to topic sales-usd partition 0 offset 269
2023-02-06 21:39:42 root         INFO     Produced {'seller_id': 'KC', 'amount_usd': 892, 'sale_ts': 1675712382410} to topic sales-usd partition 0 offset 279
2023-02-06 21:39:47 root         INFO     Produced {'seller_id': 'KC', 'amount_usd': 931, 'sale_ts': 1675712387622} to topic sales-usd partition 0 offset 289
2023-02-06 21:39:53 root         INFO     Produced {'seller_id': 'OMA', 'amount_usd': 641, 'sale_ts': 1675712392842} to topic sales-usd partition 0 offset 299
2023-02-06 21:39:58 root         INFO     Produced {'seller_id': 'LNK', 'amount_usd': 754, 'sale_ts': 1675712398057} to topic sales-usd partition 0 offset 309
2023-02-06 21:40:03 root         INFO     Produced {'seller_id': 'KC', 'amount_usd': 894, 'sale_ts': 1675712403274} to topic sales-usd partition 0 offset 319
2023-02-06 21:40:08 root         INFO     Produced {'seller_id': 'KC', 'amount_usd': 242, 'sale_ts': 1675712408494} to topic sales-usd partition 0 offset 329
2023-02-06 21:40:13 root         INFO     Produced {'seller_id': 'KC', 'amount_usd': 694, 'sale_ts': 1675712413714} to topic sales-usd partition 0 offset 339
2023-02-06 21:40:19 root         INFO     Produced {'seller_id': 'OMA', 'amount_usd': 367, 'sale_ts': 1675712418935} to topic sales-usd partition 0 offset 349
2023-02-06 21:40:24 root         INFO     Produced {'seller_id': 'LNK', 'amount_usd': 941, 'sale_ts': 1675712424155} to topic sales-usd partition 0 offset 359
2023-02-06 21:40:29 root         INFO     Produced {'seller_id': 'DEN', 'amount_usd': 659, 'sale_ts': 1675712429367} to topic sales-usd partition 0 offset 369
2023-02-06 21:40:34 root         INFO     Produced {'seller_id': 'LNK', 'amount_usd': 311, 'sale_ts': 1675712434582} to topic sales-usd partition 0 offset 379
2023-02-06 21:40:40 root         INFO     Produced {'seller_id': 'OMA', 'amount_usd': 905, 'sale_ts': 1675712439795} to topic sales-usd partition 0 offset 389
2023-02-06 21:40:45 root         INFO     Produced {'seller_id': 'DEN', 'amount_usd': 703, 'sale_ts': 1675712445006} to topic sales-usd partition 0 offset 399
2023-02-06 21:40:50 root         INFO     Produced {'seller_id': 'OMA', 'amount_usd': 663, 'sale_ts': 1675712450219} to topic sales-usd partition 0 offset 409
2023-02-06 21:40:55 root         INFO     Produced {'seller_id': 'DEN', 'amount_usd': 126, 'sale_ts': 1675712455430} to topic sales-usd partition 0 offset 419
2023-02-06 21:41:00 root         INFO     Produced {'seller_id': 'OMA', 'amount_usd': 596, 'sale_ts': 1675712460634} to topic sales-usd partition 0 offset 429
2023-02-06 21:41:06 root         INFO     Produced {'seller_id': 'KC', 'amount_usd': 652, 'sale_ts': 1675712465846} to topic sales-usd partition 0 offset 439
2023-02-06 21:41:11 root         INFO     Produced {'seller_id': 'KC', 'amount_usd': 682, 'sale_ts': 1675712471058} to topic sales-usd partition 0 offset 449
2023-02-06 21:41:16 root         INFO     Produced {'seller_id': 'DEN', 'amount_usd': 155, 'sale_ts': 1675712476273} to topic sales-usd partition 0 offset 459
2023-02-06 21:41:21 root         INFO     Produced {'seller_id': 'KC', 'amount_usd': 983, 'sale_ts': 1675712481483} to topic sales-usd partition 0 offset 469
2023-02-06 21:41:26 root         INFO     Produced {'seller_id': 'DEN', 'amount_usd': 699, 'sale_ts': 1675712486703} to topic sales-usd partition 0 offset 479
2023-02-06 21:41:32 root         INFO     Produced {'seller_id': 'KC', 'amount_usd': 368, 'sale_ts': 1675712491914} to topic sales-usd partition 0 offset 489
2023-02-06 21:41:37 root         INFO     Produced {'seller_id': 'DEN', 'amount_usd': 562, 'sale_ts': 1675712497134} to topic sales-usd partition 0 offset 499
2023-02-06 21:41:42 root         INFO     Produced {'seller_id': 'LNK', 'amount_usd': 108, 'sale_ts': 1675712502345} to topic sales-usd partition 0 offset 509
2023-02-06 21:41:47 root         INFO     Produced {'seller_id': 'DEN', 'amount_usd': 698, 'sale_ts': 1675712507565} to topic sales-usd partition 0 offset 519
2023-02-06 21:41:52 root         INFO     Produced {'seller_id': 'KC', 'amount_usd': 787, 'sale_ts': 1675712512786} to topic sales-usd partition 0 offset 529
2023-02-06 21:41:58 root         INFO     Produced {'seller_id': 'KC', 'amount_usd': 152, 'sale_ts': 1675712517998} to topic sales-usd partition 0 offset 539
2023-02-06 21:42:03 root         INFO     Produced {'seller_id': 'DEN', 'amount_usd': 433, 'sale_ts': 1675712523214} to topic sales-usd partition 0 offset 549
2023-02-06 21:42:08 root         INFO     Produced {'seller_id': 'DEN', 'amount_usd': 676, 'sale_ts': 1675712528426} to topic sales-usd partition 0 offset 559
2023-02-06 21:42:13 root         INFO     Produced {'seller_id': 'DEN', 'amount_usd': 295, 'sale_ts': 1675712533646} to topic sales-usd partition 0 offset 569
2023-02-06 21:42:19 root         INFO     Produced {'seller_id': 'LNK', 'amount_usd': 634, 'sale_ts': 1675712538858} to topic sales-usd partition 0 offset 579
2023-02-06 21:42:24 root         INFO     Produced {'seller_id': 'OMA', 'amount_usd': 691, 'sale_ts': 1675712544078} to topic sales-usd partition 0 offset 589
2023-02-06 21:42:29 root         INFO     Produced {'seller_id': 'KC', 'amount_usd': 564, 'sale_ts': 1675712549298} to topic sales-usd partition 0 offset 599
2023-02-06 21:42:34 root         INFO     Produced {'seller_id': 'DEN', 'amount_usd': 491, 'sale_ts': 1675712554518} to topic sales-usd partition 0 offset 609
2023-02-06 21:42:39 root         INFO     Produced {'seller_id': 'DEN', 'amount_usd': 285, 'sale_ts': 1675712559738} to topic sales-usd partition 0 offset 619
2023-02-06 21:42:45 root         INFO     Produced {'seller_id': 'DEN', 'amount_usd': 593, 'sale_ts': 1675712564958} to topic sales-usd partition 0 offset 629
2023-02-06 21:42:50 root         INFO     Produced {'seller_id': 'KC', 'amount_usd': 909, 'sale_ts': 1675712570170} to topic sales-usd partition 0 offset 639
2023-02-06 21:42:55 root         INFO     Produced {'seller_id': 'OMA', 'amount_usd': 413, 'sale_ts': 1675712575378} to topic sales-usd partition 0 offset 649
2023-02-06 21:43:00 root         INFO     Produced {'seller_id': 'OMA', 'amount_usd': 331, 'sale_ts': 1675712580586} to topic sales-usd partition 0 offset 659
2023-02-06 21:43:06 root         INFO     Produced {'seller_id': 'KC', 'amount_usd': 395, 'sale_ts': 1675712585803} to topic sales-usd partition 0 offset 669
2023-02-06 21:43:11 root         INFO     Produced {'seller_id': 'DEN', 'amount_usd': 435, 'sale_ts': 1675712591010} to topic sales-usd partition 0 offset 679
2023-02-06 21:43:16 root         INFO     Produced {'seller_id': 'LNK', 'amount_usd': 957, 'sale_ts': 1675712596226} to topic sales-usd partition 0 offset 689
2023-02-06 21:43:21 root         INFO     Produced {'seller_id': 'LNK', 'amount_usd': 815, 'sale_ts': 1675712601442} to topic sales-usd partition 0 offset 699
2023-02-06 21:43:26 root         INFO     Produced {'seller_id': 'LNK', 'amount_usd': 438, 'sale_ts': 1675712606650} to topic sales-usd partition 0 offset 709
2023-02-06 21:43:32 root         INFO     Produced {'seller_id': 'LNK', 'amount_usd': 884, 'sale_ts': 1675712611866} to topic sales-usd partition 0 offset 719
2023-02-06 21:43:37 root         INFO     Produced {'seller_id': 'LNK', 'amount_usd': 877, 'sale_ts': 1675712617086} to topic sales-usd partition 0 offset 729
2023-02-06 21:43:42 root         INFO     Produced {'seller_id': 'LNK', 'amount_usd': 406, 'sale_ts': 1675712622302} to topic sales-usd partition 0 offset 739
2023-02-06 21:43:47 root         INFO     Produced {'seller_id': 'KC', 'amount_usd': 101, 'sale_ts': 1675712627521} to topic sales-usd partition 0 offset 749
2023-02-06 21:43:52 root         INFO     Produced {'seller_id': 'KC', 'amount_usd': 365, 'sale_ts': 1675712632738} to topic sales-usd partition 0 offset 759
2023-02-06 21:43:58 root         INFO     Produced {'seller_id': 'DEN', 'amount_usd': 158, 'sale_ts': 1675712637958} to topic sales-usd partition 0 offset 769
2023-02-06 21:44:03 root         INFO     Produced {'seller_id': 'LNK', 'amount_usd': 231, 'sale_ts': 1675712643176} to topic sales-usd partition 0 offset 779
2023-02-06 21:44:08 root         INFO     Produced {'seller_id': 'OMA', 'amount_usd': 799, 'sale_ts': 1675712648388} to topic sales-usd partition 0 offset 789
2023-02-06 21:44:13 root         INFO     Produced {'seller_id': 'OMA', 'amount_usd': 287, 'sale_ts': 1675712653608} to topic sales-usd partition 0 offset 799
2023-02-06 21:44:19 root         INFO     Produced {'seller_id': 'DEN', 'amount_usd': 725, 'sale_ts': 1675712658826} to topic sales-usd partition 0 offset 809
2023-02-06 21:44:24 root         INFO     Produced {'seller_id': 'DEN', 'amount_usd': 127, 'sale_ts': 1675712664046} to topic sales-usd partition 0 offset 819
2023-02-06 21:44:29 root         INFO     Produced {'seller_id': 'KC', 'amount_usd': 396, 'sale_ts': 1675712669264} to topic sales-usd partition 0 offset 829
2023-02-06 21:44:34 root         INFO     Produced {'seller_id': 'DEN', 'amount_usd': 657, 'sale_ts': 1675712674484} to topic sales-usd partition 0 offset 839
2023-02-06 21:44:39 root         INFO     Produced {'seller_id': 'OMA', 'amount_usd': 540, 'sale_ts': 1675712679698} to topic sales-usd partition 0 offset 849
2023-02-06 21:44:45 root         INFO     Produced {'seller_id': 'DEN', 'amount_usd': 714, 'sale_ts': 1675712684914} to topic sales-usd partition 0 offset 859
2023-02-06 21:44:50 root         INFO     Produced {'seller_id': 'LNK', 'amount_usd': 222, 'sale_ts': 1675712690126} to topic sales-usd partition 0 offset 869
2023-02-06 21:44:55 root         INFO     Produced {'seller_id': 'DEN', 'amount_usd': 936, 'sale_ts': 1675712695336} to topic sales-usd partition 0 offset 879
2023-02-06 21:45:00 root         INFO     Produced {'seller_id': 'OMA', 'amount_usd': 454, 'sale_ts': 1675712700546} to topic sales-usd partition 0 offset 889
2023-02-06 21:45:05 root         INFO     Produced {'seller_id': 'KC', 'amount_usd': 902, 'sale_ts': 1675712705766} to topic sales-usd partition 0 offset 899
2023-02-06 21:45:11 root         INFO     Produced {'seller_id': 'DEN', 'amount_usd': 649, 'sale_ts': 1675712710976} to topic sales-usd partition 0 offset 909
2023-02-06 21:45:16 root         INFO     Produced {'seller_id': 'DEN', 'amount_usd': 126, 'sale_ts': 1675712716195} to topic sales-usd partition 0 offset 919
2023-02-06 21:45:21 root         INFO     Produced {'seller_id': 'KC', 'amount_usd': 185, 'sale_ts': 1675712721410} to topic sales-usd partition 0 offset 929
2023-02-06 21:45:26 root         INFO     Produced {'seller_id': 'KC', 'amount_usd': 882, 'sale_ts': 1675712726616} to topic sales-usd partition 0 offset 939
2023-02-06 21:45:32 root         INFO     Produced {'seller_id': 'LNK', 'amount_usd': 987, 'sale_ts': 1675712731829} to topic sales-usd partition 0 offset 949
2023-02-06 21:45:37 root         INFO     Produced {'seller_id': 'KC', 'amount_usd': 669, 'sale_ts': 1675712737040} to topic sales-usd partition 0 offset 959
2023-02-06 21:45:42 root         INFO     Produced {'seller_id': 'DEN', 'amount_usd': 344, 'sale_ts': 1675712742250} to topic sales-usd partition 0 offset 969
2023-02-06 21:45:47 root         INFO     Produced {'seller_id': 'KC', 'amount_usd': 776, 'sale_ts': 1675712747460} to topic sales-usd partition 0 offset 979
2023-02-06 21:45:52 root         INFO     Produced {'seller_id': 'KC', 'amount_usd': 598, 'sale_ts': 1675712752672} to topic sales-usd partition 0 offset 989
2023-02-06 21:45:58 root         INFO     Produced {'seller_id': 'LNK', 'amount_usd': 505, 'sale_ts': 1675712757882} to topic sales-usd partition 0 offset 999
2023-02-06 21:46:03 root         INFO     Produced {'seller_id': 'KC', 'amount_usd': 545, 'sale_ts': 1675712763098} to topic sales-usd partition 0 offset 1009
2023-02-06 21:46:08 root         INFO     Produced {'seller_id': 'OMA', 'amount_usd': 325, 'sale_ts': 1675712768316} to topic sales-usd partition 0 offset 1019
2023-02-06 21:46:13 root         INFO     Produced {'seller_id': 'DEN', 'amount_usd': 665, 'sale_ts': 1675712773526} to topic sales-usd partition 0 offset 1029
2023-02-06 21:46:18 root         INFO     Produced {'seller_id': 'OMA', 'amount_usd': 977, 'sale_ts': 1675712778732} to topic sales-usd partition 0 offset 1039
2023-02-06 21:46:24 root         INFO     Produced {'seller_id': 'OMA', 'amount_usd': 591, 'sale_ts': 1675712783941} to topic sales-usd partition 0 offset 1049
2023-02-06 21:46:29 root         INFO     Produced {'seller_id': 'KC', 'amount_usd': 840, 'sale_ts': 1675712789152} to topic sales-usd partition 0 offset 1059
2023-02-06 21:46:34 root         INFO     Produced {'seller_id': 'KC', 'amount_usd': 775, 'sale_ts': 1675712794363} to topic sales-usd partition 0 offset 1069
2023-02-06 21:46:39 root         INFO     Produced {'seller_id': 'KC', 'amount_usd': 699, 'sale_ts': 1675712799571} to topic sales-usd partition 0 offset 1079
2023-02-06 21:46:44 root         INFO     Produced {'seller_id': 'LNK', 'amount_usd': 421, 'sale_ts': 1675712804786} to topic sales-usd partition 0 offset 1089
2023-02-06 21:46:50 root         INFO     Produced {'seller_id': 'LNK', 'amount_usd': 945, 'sale_ts': 1675712810004} to topic sales-usd partition 0 offset 1099
2023-02-06 21:46:55 root         INFO     Produced {'seller_id': 'LNK', 'amount_usd': 383, 'sale_ts': 1675712815214} to topic sales-usd partition 0 offset 1109
2023-02-06 21:47:00 root         INFO     Produced {'seller_id': 'OMA', 'amount_usd': 438, 'sale_ts': 1675712820417} to topic sales-usd partition 0 offset 1119
2023-02-06 21:47:05 root         INFO     Produced {'seller_id': 'LNK', 'amount_usd': 476, 'sale_ts': 1675712825626} to topic sales-usd partition 0 offset 1129
2023-02-06 21:47:11 root         INFO     Produced {'seller_id': 'DEN', 'amount_usd': 910, 'sale_ts': 1675712830842} to topic sales-usd partition 0 offset 1139
2023-02-06 21:47:16 root         INFO     Produced {'seller_id': 'OMA', 'amount_usd': 239, 'sale_ts': 1675712836063} to topic sales-usd partition 0 offset 1149
2023-02-06 21:47:21 root         INFO     Produced {'seller_id': 'OMA', 'amount_usd': 141, 'sale_ts': 1675712841278} to topic sales-usd partition 0 offset 1159
2023-02-06 21:47:26 root         INFO     Produced {'seller_id': 'OMA', 'amount_usd': 212, 'sale_ts': 1675712846486} to topic sales-usd partition 0 offset 1169
2023-02-06 21:47:31 root         INFO     Produced {'seller_id': 'DEN', 'amount_usd': 615, 'sale_ts': 1675712851696} to topic sales-usd partition 0 offset 1179
2023-02-06 21:47:37 root         INFO     Produced {'seller_id': 'DEN', 'amount_usd': 946, 'sale_ts': 1675712856913} to topic sales-usd partition 0 offset 1189
2023-02-06 21:47:42 root         INFO     Produced {'seller_id': 'DEN', 'amount_usd': 512, 'sale_ts': 1675712862128} to topic sales-usd partition 0 offset 1199
2023-02-06 21:47:47 root         INFO     Produced {'seller_id': 'OMA', 'amount_usd': 454, 'sale_ts': 1675712867346} to topic sales-usd partition 0 offset 1209
2023-02-06 21:47:52 root         INFO     Produced {'seller_id': 'KC', 'amount_usd': 946, 'sale_ts': 1675712872565} to topic sales-usd partition 0 offset 1219
2023-02-06 21:47:57 root         INFO     Produced {'seller_id': 'LNK', 'amount_usd': 586, 'sale_ts': 1675712877786} to topic sales-usd partition 0 offset 1229
2023-02-06 21:48:03 root         INFO     Produced {'seller_id': 'KC', 'amount_usd': 122, 'sale_ts': 1675712883002} to topic sales-usd partition 0 offset 1239
2023-02-06 21:48:08 root         INFO     Produced {'seller_id': 'KC', 'amount_usd': 767, 'sale_ts': 1675712888210} to topic sales-usd partition 0 offset 1249
2023-02-06 21:48:13 root         INFO     Produced {'seller_id': 'DEN', 'amount_usd': 512, 'sale_ts': 1675712893421} to topic sales-usd partition 0 offset 1259
2023-02-06 21:48:18 root         INFO     Produced {'seller_id': 'KC', 'amount_usd': 205, 'sale_ts': 1675712898630} to topic sales-usd partition 0 offset 1269
2023-02-06 21:48:24 root         INFO     Produced {'seller_id': 'OMA', 'amount_usd': 352, 'sale_ts': 1675712903838} to topic sales-usd partition 0 offset 1279
2023-02-06 21:48:29 root         INFO     Produced {'seller_id': 'KC', 'amount_usd': 944, 'sale_ts': 1675712909050} to topic sales-usd partition 0 offset 1289
2023-02-06 21:48:34 root         INFO     Produced {'seller_id': 'LNK', 'amount_usd': 215, 'sale_ts': 1675712914265} to topic sales-usd partition 0 offset 1299
2023-02-06 21:48:39 root         INFO     Produced {'seller_id': 'DEN', 'amount_usd': 493, 'sale_ts': 1675712919480} to topic sales-usd partition 0 offset 1309
2023-02-06 21:48:44 root         INFO     Produced {'seller_id': 'DEN', 'amount_usd': 300, 'sale_ts': 1675712924698} to topic sales-usd partition 0 offset 1319
2023-02-06 21:48:50 root         INFO     Produced {'seller_id': 'LNK', 'amount_usd': 386, 'sale_ts': 1675712929906} to topic sales-usd partition 0 offset 1329
2023-02-06 21:48:55 root         INFO     Produced {'seller_id': 'OMA', 'amount_usd': 621, 'sale_ts': 1675712935117} to topic sales-usd partition 0 offset 1339
2023-02-06 21:49:00 root         INFO     Produced {'seller_id': 'DEN', 'amount_usd': 984, 'sale_ts': 1675712940326} to topic sales-usd partition 0 offset 1349
2023-02-06 21:49:05 root         INFO     Produced {'seller_id': 'DEN', 'amount_usd': 640, 'sale_ts': 1675712945535} to topic sales-usd partition 0 offset 1359
2023-02-06 21:49:10 root         INFO     Produced {'seller_id': 'OMA', 'amount_usd': 358, 'sale_ts': 1675712950744} to topic sales-usd partition 0 offset 1369
2023-02-06 21:49:16 root         INFO     Produced {'seller_id': 'LNK', 'amount_usd': 246, 'sale_ts': 1675712955962} to topic sales-usd partition 0 offset 1379
2023-02-06 21:49:21 root         INFO     Produced {'seller_id': 'KC', 'amount_usd': 772, 'sale_ts': 1675712961170} to topic sales-usd partition 0 offset 1389
2023-02-06 21:49:26 root         INFO     Produced {'seller_id': 'OMA', 'amount_usd': 141, 'sale_ts': 1675712966386} to topic sales-usd partition 0 offset 1399
2023-02-06 21:49:31 root         INFO     Produced {'seller_id': 'KC', 'amount_usd': 846, 'sale_ts': 1675712971594} to topic sales-usd partition 0 offset 1409
2023-02-06 21:49:37 root         INFO     Produced {'seller_id': 'LNK', 'amount_usd': 779, 'sale_ts': 1675712976803} to topic sales-usd partition 0 offset 1419
2023-02-06 21:49:42 root         INFO     Produced {'seller_id': 'OMA', 'amount_usd': 382, 'sale_ts': 1675712982011} to topic sales-usd partition 0 offset 1429
2023-02-06 21:49:47 root         INFO     Produced {'seller_id': 'OMA', 'amount_usd': 810, 'sale_ts': 1675712987219} to topic sales-usd partition 0 offset 1439
2023-02-06 21:49:52 root         INFO     Produced {'seller_id': 'DEN', 'amount_usd': 910, 'sale_ts': 1675712992430} to topic sales-usd partition 0 offset 1449
2023-02-06 21:49:57 root         INFO     Produced {'seller_id': 'LNK', 'amount_usd': 704, 'sale_ts': 1675712997638} to topic sales-usd partition 0 offset 1459
2023-02-06 22:04:00 root         INFO     Starting sales producer
2023-02-06 22:04:00 root         INFO     Produced {'seller_id': 'OMA', 'amount_usd': 267, 'sale_ts': 1675713840194} to topic sales-usd partition 0 offset 1469
2023-02-06 22:04:05 root         INFO     Produced {'seller_id': 'LNK', 'amount_usd': 573, 'sale_ts': 1675713845401} to topic sales-usd partition 0 offset 1479
2023-02-06 22:04:10 root         INFO     Produced {'seller_id': 'OMA', 'amount_usd': 432, 'sale_ts': 1675713850608} to topic sales-usd partition 0 offset 1489
2023-02-06 22:04:16 root         INFO     Produced {'seller_id': 'KC', 'amount_usd': 918, 'sale_ts': 1675713855818} to topic sales-usd partition 0 offset 1499
2023-02-06 22:04:21 root         INFO     Produced {'seller_id': 'OMA', 'amount_usd': 249, 'sale_ts': 1675713861034} to topic sales-usd partition 0 offset 1509
2023-02-06 22:04:26 root         INFO     Produced {'seller_id': 'KC', 'amount_usd': 487, 'sale_ts': 1675713866253} to topic sales-usd partition 0 offset 1519
2023-02-06 22:04:31 root         INFO     Produced {'seller_id': 'LNK', 'amount_usd': 625, 'sale_ts': 1675713871462} to topic sales-usd partition 0 offset 1529
2023-02-06 22:04:36 root         INFO     Produced {'seller_id': 'LNK', 'amount_usd': 335, 'sale_ts': 1675713876678} to topic sales-usd partition 0 offset 1539
2023-02-06 22:04:42 root         INFO     Produced {'seller_id': 'OMA', 'amount_usd': 838, 'sale_ts': 1675713881886} to topic sales-usd partition 0 offset 1549
2023-02-06 22:04:47 root         INFO     Produced {'seller_id': 'LNK', 'amount_usd': 219, 'sale_ts': 1675713887094} to topic sales-usd partition 0 offset 1559
2023-02-06 22:04:52 root         INFO     Produced {'seller_id': 'KC', 'amount_usd': 675, 'sale_ts': 1675713892302} to topic sales-usd partition 0 offset 1569
2023-02-06 22:04:57 root         INFO     Produced {'seller_id': 'OMA', 'amount_usd': 522, 'sale_ts': 1675713897510} to topic sales-usd partition 0 offset 1579
2023-02-06 22:05:02 root         INFO     Produced {'seller_id': 'OMA', 'amount_usd': 523, 'sale_ts': 1675713902714} to topic sales-usd partition 0 offset 1589
2023-02-06 22:05:08 root         INFO     Produced {'seller_id': 'OMA', 'amount_usd': 927, 'sale_ts': 1675713907922} to topic sales-usd partition 0 offset 1599
2023-02-06 22:05:13 root         INFO     Produced {'seller_id': 'KC', 'amount_usd': 632, 'sale_ts': 1675713913130} to topic sales-usd partition 0 offset 1609
2023-02-06 22:05:18 root         INFO     Produced {'seller_id': 'OMA', 'amount_usd': 657, 'sale_ts': 1675713918338} to topic sales-usd partition 0 offset 1619
2023-02-06 22:05:23 root         INFO     Produced {'seller_id': 'DEN', 'amount_usd': 559, 'sale_ts': 1675713923554} to topic sales-usd partition 0 offset 1629
2023-02-06 22:05:28 root         INFO     Produced {'seller_id': 'OMA', 'amount_usd': 138, 'sale_ts': 1675713928771} to topic sales-usd partition 0 offset 1639
2023-02-06 22:05:34 root         INFO     Produced {'seller_id': 'LNK', 'amount_usd': 563, 'sale_ts': 1675713933982} to topic sales-usd partition 0 offset 1649
2023-02-06 22:05:39 root         INFO     Produced {'seller_id': 'DEN', 'amount_usd': 470, 'sale_ts': 1675713939190} to topic sales-usd partition 0 offset 1659
2023-02-06 22:05:44 root         INFO     Produced {'seller_id': 'OMA', 'amount_usd': 403, 'sale_ts': 1675713944409} to topic sales-usd partition 0 offset 1669
2023-02-06 22:05:49 root         INFO     Produced {'seller_id': 'DEN', 'amount_usd': 297, 'sale_ts': 1675713949618} to topic sales-usd partition 0 offset 1679
2023-02-06 22:05:55 root         INFO     Produced {'seller_id': 'DEN', 'amount_usd': 337, 'sale_ts': 1675713954834} to topic sales-usd partition 0 offset 1689
2023-02-06 22:06:00 root         INFO     Produced {'seller_id': 'DEN', 'amount_usd': 426, 'sale_ts': 1675713960045} to topic sales-usd partition 0 offset 1699
2023-02-06 22:06:05 root         INFO     Produced {'seller_id': 'OMA', 'amount_usd': 724, 'sale_ts': 1675713965253} to topic sales-usd partition 0 offset 1709
2023-02-06 22:06:10 root         INFO     Produced {'seller_id': 'LNK', 'amount_usd': 763, 'sale_ts': 1675713970462} to topic sales-usd partition 0 offset 1719
2023-02-06 22:06:15 root         INFO     Produced {'seller_id': 'KC', 'amount_usd': 372, 'sale_ts': 1675713975672} to topic sales-usd partition 0 offset 1729
2023-02-06 22:06:21 root         INFO     Produced {'seller_id': 'KC', 'amount_usd': 835, 'sale_ts': 1675713980890} to topic sales-usd partition 0 offset 1739
2023-02-06 22:06:26 root         INFO     Produced {'seller_id': 'DEN', 'amount_usd': 658, 'sale_ts': 1675713986109} to topic sales-usd partition 0 offset 1749
2023-02-06 22:06:31 root         INFO     Produced {'seller_id': 'OMA', 'amount_usd': 497, 'sale_ts': 1675713991328} to topic sales-usd partition 0 offset 1759
2023-02-06 22:06:36 root         INFO     Produced {'seller_id': 'LNK', 'amount_usd': 512, 'sale_ts': 1675713996539} to topic sales-usd partition 0 offset 1769
2023-02-06 22:06:41 root         INFO     Produced {'seller_id': 'LNK', 'amount_usd': 685, 'sale_ts': 1675714001747} to topic sales-usd partition 0 offset 1779
2023-02-06 22:06:47 root         INFO     Produced {'seller_id': 'KC', 'amount_usd': 883, 'sale_ts': 1675714006962} to topic sales-usd partition 0 offset 1789
2023-02-06 22:06:52 root         INFO     Produced {'seller_id': 'LNK', 'amount_usd': 858, 'sale_ts': 1675714012172} to topic sales-usd partition 0 offset 1799
2023-02-06 22:06:57 root         INFO     Produced {'seller_id': 'OMA', 'amount_usd': 322, 'sale_ts': 1675714017385} to topic sales-usd partition 0 offset 1809
2023-02-06 22:07:02 root         INFO     Produced {'seller_id': 'DEN', 'amount_usd': 253, 'sale_ts': 1675714022596} to topic sales-usd partition 0 offset 1819
2023-02-06 22:07:08 root         INFO     Produced {'seller_id': 'OMA', 'amount_usd': 938, 'sale_ts': 1675714027814} to topic sales-usd partition 0 offset 1829
2023-02-06 22:07:13 root         INFO     Produced {'seller_id': 'OMA', 'amount_usd': 741, 'sale_ts': 1675714033030} to topic sales-usd partition 0 offset 1839
2023-02-06 22:07:18 root         INFO     Produced {'seller_id': 'KC', 'amount_usd': 610, 'sale_ts': 1675714038238} to topic sales-usd partition 0 offset 1849
2023-02-06 22:07:23 root         INFO     Produced {'seller_id': 'OMA', 'amount_usd': 816, 'sale_ts': 1675714043448} to topic sales-usd partition 0 offset 1859
2023-02-06 22:07:28 root         INFO     Produced {'seller_id': 'LNK', 'amount_usd': 677, 'sale_ts': 1675714048665} to topic sales-usd partition 0 offset 1869
2023-02-06 22:07:34 root         INFO     Produced {'seller_id': 'OMA', 'amount_usd': 803, 'sale_ts': 1675714053874} to topic sales-usd partition 0 offset 1879
2023-02-06 22:07:39 root         INFO     Produced {'seller_id': 'KC', 'amount_usd': 306, 'sale_ts': 1675714059085} to topic sales-usd partition 0 offset 1889
2023-02-06 22:07:44 root         INFO     Produced {'seller_id': 'OMA', 'amount_usd': 417, 'sale_ts': 1675714064294} to topic sales-usd partition 0 offset 1899
2023-02-06 22:07:49 root         INFO     Produced {'seller_id': 'DEN', 'amount_usd': 202, 'sale_ts': 1675714069502} to topic sales-usd partition 0 offset 1909
2023-02-06 22:07:54 root         INFO     Produced {'seller_id': 'OMA', 'amount_usd': 368, 'sale_ts': 1675714074710} to topic sales-usd partition 0 offset 1919
2023-02-06 22:08:00 root         INFO     Produced {'seller_id': 'LNK', 'amount_usd': 642, 'sale_ts': 1675714079926} to topic sales-usd partition 0 offset 1929
2023-02-06 22:08:05 root         INFO     Produced {'seller_id': 'KC', 'amount_usd': 268, 'sale_ts': 1675714085138} to topic sales-usd partition 0 offset 1939
2023-02-06 22:08:10 root         INFO     Produced {'seller_id': 'LNK', 'amount_usd': 751, 'sale_ts': 1675714090346} to topic sales-usd partition 0 offset 1949
2023-02-06 22:08:15 root         INFO     Produced {'seller_id': 'OMA', 'amount_usd': 679, 'sale_ts': 1675714095555} to topic sales-usd partition 0 offset 1959
2023-02-06 22:08:20 root         INFO     Produced {'seller_id': 'KC', 'amount_usd': 454, 'sale_ts': 1675714100770} to topic sales-usd partition 0 offset 1969
2023-02-06 22:08:26 root         INFO     Produced {'seller_id': 'DEN', 'amount_usd': 650, 'sale_ts': 1675714105987} to topic sales-usd partition 0 offset 1979
2023-02-06 22:08:31 root         INFO     Produced {'seller_id': 'KC', 'amount_usd': 472, 'sale_ts': 1675714111205} to topic sales-usd partition 0 offset 1989
2023-02-06 22:08:36 root         INFO     Produced {'seller_id': 'DEN', 'amount_usd': 451, 'sale_ts': 1675714116414} to topic sales-usd partition 0 offset 1999
2023-02-06 22:08:41 root         INFO     Produced {'seller_id': 'LNK', 'amount_usd': 541, 'sale_ts': 1675714121622} to topic sales-usd partition 0 offset 2009
2023-02-06 22:08:47 root         INFO     Produced {'seller_id': 'OMA', 'amount_usd': 208, 'sale_ts': 1675714126838} to topic sales-usd partition 0 offset 2019
2023-02-06 22:08:52 root         INFO     Produced {'seller_id': 'LNK', 'amount_usd': 353, 'sale_ts': 1675714132050} to topic sales-usd partition 0 offset 2029
2023-02-06 22:08:57 root         INFO     Produced {'seller_id': 'OMA', 'amount_usd': 145, 'sale_ts': 1675714137259} to topic sales-usd partition 0 offset 2039
2023-02-06 22:09:02 root         INFO     Produced {'seller_id': 'KC', 'amount_usd': 259, 'sale_ts': 1675714142474} to topic sales-usd partition 0 offset 2049
2023-02-06 22:09:07 root         INFO     Produced {'seller_id': 'OMA', 'amount_usd': 738, 'sale_ts': 1675714147692} to topic sales-usd partition 0 offset 2059
2023-02-06 22:09:13 root         INFO     Produced {'seller_id': 'DEN', 'amount_usd': 196, 'sale_ts': 1675714152903} to topic sales-usd partition 0 offset 2069
2023-02-06 22:09:18 root         INFO     Produced {'seller_id': 'KC', 'amount_usd': 916, 'sale_ts': 1675714158113} to topic sales-usd partition 0 offset 2079
2023-02-06 22:09:23 root         INFO     Produced {'seller_id': 'DEN', 'amount_usd': 678, 'sale_ts': 1675714163322} to topic sales-usd partition 0 offset 2089
2023-02-06 22:09:28 root         INFO     Produced {'seller_id': 'OMA', 'amount_usd': 756, 'sale_ts': 1675714168538} to topic sales-usd partition 0 offset 2099
2023-02-06 22:09:33 root         INFO     Produced {'seller_id': 'LNK', 'amount_usd': 818, 'sale_ts': 1675714173748} to topic sales-usd partition 0 offset 2109
2023-02-06 22:09:39 root         INFO     Produced {'seller_id': 'DEN', 'amount_usd': 890, 'sale_ts': 1675714178958} to topic sales-usd partition 0 offset 2119
2023-02-06 22:09:44 root         INFO     Produced {'seller_id': 'LNK', 'amount_usd': 243, 'sale_ts': 1675714184176} to topic sales-usd partition 0 offset 2129
2023-02-06 22:09:49 root         INFO     Produced {'seller_id': 'KC', 'amount_usd': 166, 'sale_ts': 1675714189386} to topic sales-usd partition 0 offset 2139
2023-02-06 22:09:54 root         INFO     Produced {'seller_id': 'DEN', 'amount_usd': 725, 'sale_ts': 1675714194597} to topic sales-usd partition 0 offset 2149
2023-02-06 22:10:00 root         INFO     Produced {'seller_id': 'DEN', 'amount_usd': 620, 'sale_ts': 1675714199814} to topic sales-usd partition 0 offset 2159
2023-02-06 22:10:05 root         INFO     Produced {'seller_id': 'OMA', 'amount_usd': 978, 'sale_ts': 1675714205022} to topic sales-usd partition 0 offset 2169
2023-02-06 22:10:10 root         INFO     Produced {'seller_id': 'DEN', 'amount_usd': 989, 'sale_ts': 1675714210232} to topic sales-usd partition 0 offset 2179
2023-02-06 22:10:15 root         INFO     Produced {'seller_id': 'DEN', 'amount_usd': 476, 'sale_ts': 1675714215443} to topic sales-usd partition 0 offset 2189
2023-02-06 22:10:20 root         INFO     Produced {'seller_id': 'LNK', 'amount_usd': 778, 'sale_ts': 1675714220651} to topic sales-usd partition 0 offset 2199
2023-02-06 22:10:26 root         INFO     Produced {'seller_id': 'OMA', 'amount_usd': 467, 'sale_ts': 1675714225864} to topic sales-usd partition 0 offset 2209
2023-02-06 22:10:31 root         INFO     Produced {'seller_id': 'OMA', 'amount_usd': 410, 'sale_ts': 1675714231074} to topic sales-usd partition 0 offset 2219
2023-02-06 22:10:36 root         INFO     Produced {'seller_id': 'OMA', 'amount_usd': 578, 'sale_ts': 1675714236283} to topic sales-usd partition 0 offset 2229
2023-02-06 22:10:41 root         INFO     Produced {'seller_id': 'OMA', 'amount_usd': 192, 'sale_ts': 1675714241493} to topic sales-usd partition 0 offset 2239
2023-02-06 22:10:46 root         INFO     Produced {'seller_id': 'KC', 'amount_usd': 670, 'sale_ts': 1675714246703} to topic sales-usd partition 0 offset 2249
2023-02-06 22:10:52 root         INFO     Produced {'seller_id': 'OMA', 'amount_usd': 462, 'sale_ts': 1675714251910} to topic sales-usd partition 0 offset 2259
2023-02-06 22:10:57 root         INFO     Produced {'seller_id': 'OMA', 'amount_usd': 156, 'sale_ts': 1675714257129} to topic sales-usd partition 0 offset 2269
2023-02-06 22:11:02 root         INFO     Produced {'seller_id': 'LNK', 'amount_usd': 394, 'sale_ts': 1675714262338} to topic sales-usd partition 0 offset 2279
2023-02-06 22:11:07 root         INFO     Produced {'seller_id': 'OMA', 'amount_usd': 371, 'sale_ts': 1675714267557} to topic sales-usd partition 0 offset 2289
2023-02-06 22:11:12 root         INFO     Produced {'seller_id': 'KC', 'amount_usd': 663, 'sale_ts': 1675714272774} to topic sales-usd partition 0 offset 2299
2023-02-06 22:11:18 root         INFO     Produced {'seller_id': 'KC', 'amount_usd': 939, 'sale_ts': 1675714277992} to topic sales-usd partition 0 offset 2309
2023-02-06 22:11:23 root         INFO     Produced {'seller_id': 'OMA', 'amount_usd': 424, 'sale_ts': 1675714283210} to topic sales-usd partition 0 offset 2319
2023-02-06 22:11:28 root         INFO     Produced {'seller_id': 'KC', 'amount_usd': 336, 'sale_ts': 1675714288419} to topic sales-usd partition 0 offset 2329
2023-02-06 22:11:33 root         INFO     Produced {'seller_id': 'DEN', 'amount_usd': 924, 'sale_ts': 1675714293628} to topic sales-usd partition 0 offset 2339
2023-02-06 22:11:39 root         INFO     Produced {'seller_id': 'DEN', 'amount_usd': 911, 'sale_ts': 1675714298838} to topic sales-usd partition 0 offset 2349
2023-02-06 22:11:44 root         INFO     Produced {'seller_id': 'LNK', 'amount_usd': 493, 'sale_ts': 1675714304046} to topic sales-usd partition 0 offset 2359
2023-02-06 22:11:49 root         INFO     Produced {'seller_id': 'OMA', 'amount_usd': 852, 'sale_ts': 1675714309254} to topic sales-usd partition 0 offset 2369
2023-02-06 22:11:54 root         INFO     Produced {'seller_id': 'OMA', 'amount_usd': 905, 'sale_ts': 1675714314465} to topic sales-usd partition 0 offset 2379
2023-02-06 22:11:59 root         INFO     Produced {'seller_id': 'DEN', 'amount_usd': 171, 'sale_ts': 1675714319682} to topic sales-usd partition 0 offset 2389
2023-02-06 22:12:05 root         INFO     Produced {'seller_id': 'DEN', 'amount_usd': 991, 'sale_ts': 1675714324898} to topic sales-usd partition 0 offset 2399
2023-02-06 22:12:10 root         INFO     Produced {'seller_id': 'DEN', 'amount_usd': 287, 'sale_ts': 1675714330106} to topic sales-usd partition 0 offset 2409
2023-02-06 22:12:15 root         INFO     Produced {'seller_id': 'OMA', 'amount_usd': 713, 'sale_ts': 1675714335317} to topic sales-usd partition 0 offset 2419
2023-02-06 22:12:20 root         INFO     Produced {'seller_id': 'DEN', 'amount_usd': 200, 'sale_ts': 1675714340526} to topic sales-usd partition 0 offset 2429
2023-02-06 22:12:25 root         INFO     Produced {'seller_id': 'DEN', 'amount_usd': 651, 'sale_ts': 1675714345742} to topic sales-usd partition 0 offset 2439
2023-02-06 22:12:31 root         INFO     Produced {'seller_id': 'DEN', 'amount_usd': 739, 'sale_ts': 1675714350953} to topic sales-usd partition 0 offset 2449
2023-02-06 22:12:36 root         INFO     Produced {'seller_id': 'DEN', 'amount_usd': 966, 'sale_ts': 1675714356164} to topic sales-usd partition 0 offset 2459
2023-02-06 22:12:41 root         INFO     Produced {'seller_id': 'DEN', 'amount_usd': 831, 'sale_ts': 1675714361382} to topic sales-usd partition 0 offset 2469
2023-02-06 22:12:46 root         INFO     Produced {'seller_id': 'LNK', 'amount_usd': 934, 'sale_ts': 1675714366598} to topic sales-usd partition 0 offset 2479
2023-02-06 22:12:52 root         INFO     Produced {'seller_id': 'LNK', 'amount_usd': 297, 'sale_ts': 1675714371809} to topic sales-usd partition 0 offset 2489
2023-02-06 22:12:57 root         INFO     Produced {'seller_id': 'OMA', 'amount_usd': 225, 'sale_ts': 1675714377018} to topic sales-usd partition 0 offset 2499
2023-02-06 22:13:02 root         INFO     Produced {'seller_id': 'OMA', 'amount_usd': 574, 'sale_ts': 1675714382233} to topic sales-usd partition 0 offset 2509
2023-02-06 22:13:07 root         INFO     Produced {'seller_id': 'LNK', 'amount_usd': 559, 'sale_ts': 1675714387450} to topic sales-usd partition 0 offset 2519
2023-02-06 22:13:12 root         INFO     Produced {'seller_id': 'LNK', 'amount_usd': 793, 'sale_ts': 1675714392658} to topic sales-usd partition 0 offset 2529
2023-02-06 22:13:18 root         INFO     Produced {'seller_id': 'KC', 'amount_usd': 468, 'sale_ts': 1675714397876} to topic sales-usd partition 0 offset 2539
2023-02-06 22:13:23 root         INFO     Produced {'seller_id': 'DEN', 'amount_usd': 804, 'sale_ts': 1675714403093} to topic sales-usd partition 0 offset 2549
2023-02-06 22:13:28 root         INFO     Produced {'seller_id': 'LNK', 'amount_usd': 450, 'sale_ts': 1675714408302} to topic sales-usd partition 0 offset 2559
2023-02-06 22:13:33 root         INFO     Produced {'seller_id': 'LNK', 'amount_usd': 622, 'sale_ts': 1675714413513} to topic sales-usd partition 0 offset 2569
2023-02-06 22:13:38 root         INFO     Produced {'seller_id': 'KC', 'amount_usd': 575, 'sale_ts': 1675714418727} to topic sales-usd partition 0 offset 2579
2023-02-06 22:13:44 root         INFO     Produced {'seller_id': 'KC', 'amount_usd': 783, 'sale_ts': 1675714423934} to topic sales-usd partition 0 offset 2589
2023-02-06 22:13:49 root         INFO     Produced {'seller_id': 'KC', 'amount_usd': 657, 'sale_ts': 1675714429142} to topic sales-usd partition 0 offset 2599
2023-02-06 22:13:54 root         INFO     Produced {'seller_id': 'KC', 'amount_usd': 869, 'sale_ts': 1675714434350} to topic sales-usd partition 0 offset 2609
2023-02-06 22:13:59 root         INFO     Produced {'seller_id': 'DEN', 'amount_usd': 557, 'sale_ts': 1675714439558} to topic sales-usd partition 0 offset 2619
2023-02-06 22:14:04 root         INFO     Produced {'seller_id': 'LNK', 'amount_usd': 686, 'sale_ts': 1675714444774} to topic sales-usd partition 0 offset 2629
2023-02-06 22:14:10 root         INFO     Produced {'seller_id': 'KC', 'amount_usd': 182, 'sale_ts': 1675714449990} to topic sales-usd partition 0 offset 2639
2023-02-06 22:14:15 root         INFO     Produced {'seller_id': 'KC', 'amount_usd': 704, 'sale_ts': 1675714455201} to topic sales-usd partition 0 offset 2649
2023-02-06 22:14:20 root         INFO     Produced {'seller_id': 'LNK', 'amount_usd': 949, 'sale_ts': 1675714460412} to topic sales-usd partition 0 offset 2659
2023-02-06 22:14:25 root         INFO     Produced {'seller_id': 'KC', 'amount_usd': 946, 'sale_ts': 1675714465622} to topic sales-usd partition 0 offset 2669
2023-02-06 22:14:31 root         INFO     Produced {'seller_id': 'OMA', 'amount_usd': 583, 'sale_ts': 1675714470830} to topic sales-usd partition 0 offset 2679
2023-02-06 22:14:36 root         INFO     Produced {'seller_id': 'OMA', 'amount_usd': 347, 'sale_ts': 1675714476046} to topic sales-usd partition 0 offset 2689
2023-02-06 22:14:41 root         INFO     Produced {'seller_id': 'DEN', 'amount_usd': 617, 'sale_ts': 1675714481254} to topic sales-usd partition 0 offset 2699
2023-02-06 22:14:46 root         INFO     Produced {'seller_id': 'KC', 'amount_usd': 742, 'sale_ts': 1675714486472} to topic sales-usd partition 0 offset 2709
2023-02-06 22:14:51 root         INFO     Produced {'seller_id': 'KC', 'amount_usd': 436, 'sale_ts': 1675714491682} to topic sales-usd partition 0 offset 2719
2023-02-06 22:14:57 root         INFO     Produced {'seller_id': 'LNK', 'amount_usd': 896, 'sale_ts': 1675714496900} to topic sales-usd partition 0 offset 2729
2023-02-06 22:15:02 root         INFO     Produced {'seller_id': 'OMA', 'amount_usd': 438, 'sale_ts': 1675714502110} to topic sales-usd partition 0 offset 2739
2023-02-06 22:15:07 root         INFO     Produced {'seller_id': 'DEN', 'amount_usd': 483, 'sale_ts': 1675714507326} to topic sales-usd partition 0 offset 2749
2023-02-06 22:15:12 root         INFO     Produced {'seller_id': 'KC', 'amount_usd': 582, 'sale_ts': 1675714512534} to topic sales-usd partition 0 offset 2759
2023-02-06 22:15:17 root         INFO     Produced {'seller_id': 'KC', 'amount_usd': 716, 'sale_ts': 1675714517751} to topic sales-usd partition 0 offset 2769
2023-02-06 22:15:23 root         INFO     Produced {'seller_id': 'DEN', 'amount_usd': 271, 'sale_ts': 1675714522969} to topic sales-usd partition 0 offset 2779
2023-02-06 22:15:28 root         INFO     Produced {'seller_id': 'LNK', 'amount_usd': 177, 'sale_ts': 1675714528178} to topic sales-usd partition 0 offset 2789
2023-02-06 22:15:33 root         INFO     Produced {'seller_id': 'DEN', 'amount_usd': 243, 'sale_ts': 1675714533386} to topic sales-usd partition 0 offset 2799
2023-02-06 22:15:38 root         INFO     Produced {'seller_id': 'LNK', 'amount_usd': 297, 'sale_ts': 1675714538602} to topic sales-usd partition 0 offset 2809
2023-02-06 22:15:44 root         INFO     Produced {'seller_id': 'OMA', 'amount_usd': 952, 'sale_ts': 1675714543816} to topic sales-usd partition 0 offset 2819
2023-02-06 22:15:49 root         INFO     Produced {'seller_id': 'OMA', 'amount_usd': 636, 'sale_ts': 1675714549034} to topic sales-usd partition 0 offset 2829
2023-02-06 22:15:54 root         INFO     Produced {'seller_id': 'KC', 'amount_usd': 968, 'sale_ts': 1675714554242} to topic sales-usd partition 0 offset 2839
2023-02-06 22:15:59 root         INFO     Produced {'seller_id': 'DEN', 'amount_usd': 984, 'sale_ts': 1675714559458} to topic sales-usd partition 0 offset 2849
2023-02-06 22:16:04 root         INFO     Produced {'seller_id': 'OMA', 'amount_usd': 456, 'sale_ts': 1675714564674} to topic sales-usd partition 0 offset 2859
2023-02-06 22:16:10 root         INFO     Produced {'seller_id': 'KC', 'amount_usd': 654, 'sale_ts': 1675714569892} to topic sales-usd partition 0 offset 2869
2023-02-06 22:16:15 root         INFO     Produced {'seller_id': 'OMA', 'amount_usd': 672, 'sale_ts': 1675714575102} to topic sales-usd partition 0 offset 2879
2023-02-06 22:16:20 root         INFO     Produced {'seller_id': 'OMA', 'amount_usd': 297, 'sale_ts': 1675714580311} to topic sales-usd partition 0 offset 2889
2023-02-06 22:16:25 root         INFO     Produced {'seller_id': 'OMA', 'amount_usd': 452, 'sale_ts': 1675714585522} to topic sales-usd partition 0 offset 2899
2023-02-06 22:16:30 root         INFO     Produced {'seller_id': 'KC', 'amount_usd': 983, 'sale_ts': 1675714590728} to topic sales-usd partition 0 offset 2909
2023-02-06 22:16:36 root         INFO     Produced {'seller_id': 'DEN', 'amount_usd': 906, 'sale_ts': 1675714595938} to topic sales-usd partition 0 offset 2919
2023-02-06 22:16:41 root         INFO     Produced {'seller_id': 'KC', 'amount_usd': 170, 'sale_ts': 1675714601157} to topic sales-usd partition 0 offset 2929
2023-02-06 22:16:46 root         INFO     Produced {'seller_id': 'KC', 'amount_usd': 624, 'sale_ts': 1675714606374} to topic sales-usd partition 0 offset 2939
2023-02-06 22:16:51 root         INFO     Produced {'seller_id': 'LNK', 'amount_usd': 821, 'sale_ts': 1675714611582} to topic sales-usd partition 0 offset 2949
2023-02-06 22:16:56 root         INFO     Produced {'seller_id': 'OMA', 'amount_usd': 792, 'sale_ts': 1675714616793} to topic sales-usd partition 0 offset 2959
2023-02-06 22:17:02 root         INFO     Produced {'seller_id': 'KC', 'amount_usd': 463, 'sale_ts': 1675714622003} to topic sales-usd partition 0 offset 2969
2023-02-06 22:17:07 root         INFO     Produced {'seller_id': 'KC', 'amount_usd': 409, 'sale_ts': 1675714627213} to topic sales-usd partition 0 offset 2979
2023-02-06 22:17:12 root         INFO     Produced {'seller_id': 'KC', 'amount_usd': 496, 'sale_ts': 1675714632422} to topic sales-usd partition 0 offset 2989
2023-02-06 22:17:17 root         INFO     Produced {'seller_id': 'OMA', 'amount_usd': 311, 'sale_ts': 1675714637638} to topic sales-usd partition 0 offset 2999
2023-02-06 22:17:23 root         INFO     Produced {'seller_id': 'KC', 'amount_usd': 828, 'sale_ts': 1675714642854} to topic sales-usd partition 0 offset 3009
2023-02-06 22:17:28 root         INFO     Produced {'seller_id': 'OMA', 'amount_usd': 359, 'sale_ts': 1675714648066} to topic sales-usd partition 0 offset 3019
2023-02-06 22:17:33 root         INFO     Produced {'seller_id': 'LNK', 'amount_usd': 835, 'sale_ts': 1675714653277} to topic sales-usd partition 0 offset 3029
2023-02-06 22:17:38 root         INFO     Produced {'seller_id': 'LNK', 'amount_usd': 625, 'sale_ts': 1675714658494} to topic sales-usd partition 0 offset 3039
2023-02-06 22:17:43 root         INFO     Produced {'seller_id': 'LNK', 'amount_usd': 999, 'sale_ts': 1675714663712} to topic sales-usd partition 0 offset 3049
2023-02-06 22:30:40 root         INFO     Starting sales producer
2023-02-06 22:30:40 root         INFO     Produced {'seller_id': 'DEN', 'amount_usd': 353, 'sale_ts': 1675715440280} to topic sales-usd partition 0 offset 3059
2023-02-06 22:30:45 root         INFO     Produced {'seller_id': 'OMA', 'amount_usd': 597, 'sale_ts': 1675715445546} to topic sales-usd partition 0 offset 3069
2023-02-06 22:30:50 root         INFO     Produced {'seller_id': 'KC', 'amount_usd': 172, 'sale_ts': 1675715450757} to topic sales-usd partition 0 offset 3079
2023-02-06 22:30:56 root         INFO     Produced {'seller_id': 'DEN', 'amount_usd': 605, 'sale_ts': 1675715455966} to topic sales-usd partition 0 offset 3089
2023-02-06 22:31:01 root         INFO     Produced {'seller_id': 'LNK', 'amount_usd': 739, 'sale_ts': 1675715461186} to topic sales-usd partition 0 offset 3099
2023-02-06 22:31:06 root         INFO     Produced {'seller_id': 'KC', 'amount_usd': 193, 'sale_ts': 1675715466407} to topic sales-usd partition 0 offset 3109
2023-02-06 22:31:11 root         INFO     Produced {'seller_id': 'LNK', 'amount_usd': 419, 'sale_ts': 1675715471626} to topic sales-usd partition 0 offset 3119
2023-02-06 22:31:17 root         INFO     Produced {'seller_id': 'LNK', 'amount_usd': 688, 'sale_ts': 1675715476847} to topic sales-usd partition 0 offset 3129
2023-02-06 22:31:22 root         INFO     Produced {'seller_id': 'OMA', 'amount_usd': 477, 'sale_ts': 1675715482060} to topic sales-usd partition 0 offset 3139
2023-02-06 22:31:27 root         INFO     Produced {'seller_id': 'OMA', 'amount_usd': 369, 'sale_ts': 1675715487278} to topic sales-usd partition 0 offset 3149
2023-02-06 22:31:32 root         INFO     Produced {'seller_id': 'OMA', 'amount_usd': 514, 'sale_ts': 1675715492498} to topic sales-usd partition 0 offset 3159
2023-02-06 22:31:37 root         INFO     Produced {'seller_id': 'DEN', 'amount_usd': 357, 'sale_ts': 1675715497714} to topic sales-usd partition 0 offset 3169
2023-02-06 22:31:43 root         INFO     Produced {'seller_id': 'LNK', 'amount_usd': 809, 'sale_ts': 1675715502930} to topic sales-usd partition 0 offset 3179
2023-02-06 22:31:48 root         INFO     Produced {'seller_id': 'DEN', 'amount_usd': 285, 'sale_ts': 1675715508147} to topic sales-usd partition 0 offset 3189
2023-02-06 22:31:53 root         INFO     Produced {'seller_id': 'OMA', 'amount_usd': 965, 'sale_ts': 1675715513367} to topic sales-usd partition 0 offset 3199
2023-02-06 22:31:58 root         INFO     Produced {'seller_id': 'OMA', 'amount_usd': 630, 'sale_ts': 1675715518587} to topic sales-usd partition 0 offset 3209
2023-02-06 22:32:04 root         INFO     Produced {'seller_id': 'KC', 'amount_usd': 329, 'sale_ts': 1675715523806} to topic sales-usd partition 0 offset 3219
2023-02-06 22:32:09 root         INFO     Produced {'seller_id': 'LNK', 'amount_usd': 369, 'sale_ts': 1675715529022} to topic sales-usd partition 0 offset 3229
2023-02-06 22:32:14 root         INFO     Produced {'seller_id': 'KC', 'amount_usd': 260, 'sale_ts': 1675715534238} to topic sales-usd partition 0 offset 3239
2023-02-06 22:32:19 root         INFO     Produced {'seller_id': 'OMA', 'amount_usd': 303, 'sale_ts': 1675715539450} to topic sales-usd partition 0 offset 3249
2023-02-06 22:32:24 root         INFO     Produced {'seller_id': 'DEN', 'amount_usd': 694, 'sale_ts': 1675715544706} to topic sales-usd partition 0 offset 3259
2023-02-06 22:32:30 root         INFO     Produced {'seller_id': 'KC', 'amount_usd': 787, 'sale_ts': 1675715549922} to topic sales-usd partition 0 offset 3269
2023-02-06 22:32:35 root         INFO     Produced {'seller_id': 'KC', 'amount_usd': 622, 'sale_ts': 1675715555138} to topic sales-usd partition 0 offset 3279
2023-02-06 22:32:40 root         INFO     Produced {'seller_id': 'LNK', 'amount_usd': 192, 'sale_ts': 1675715560354} to topic sales-usd partition 0 offset 3289
2023-02-06 22:32:45 root         INFO     Produced {'seller_id': 'DEN', 'amount_usd': 521, 'sale_ts': 1675715565564} to topic sales-usd partition 0 offset 3299
2023-02-06 22:32:50 root         INFO     Produced {'seller_id': 'LNK', 'amount_usd': 102, 'sale_ts': 1675715570775} to topic sales-usd partition 0 offset 3309
2023-02-06 22:32:56 root         INFO     Produced {'seller_id': 'OMA', 'amount_usd': 860, 'sale_ts': 1675715575986} to topic sales-usd partition 0 offset 3319
2023-02-06 22:33:01 root         INFO     Produced {'seller_id': 'OMA', 'amount_usd': 265, 'sale_ts': 1675715581194} to topic sales-usd partition 0 offset 3329
2023-02-06 22:33:06 root         INFO     Produced {'seller_id': 'OMA', 'amount_usd': 941, 'sale_ts': 1675715586402} to topic sales-usd partition 0 offset 3339
2023-02-06 22:33:11 root         INFO     Produced {'seller_id': 'DEN', 'amount_usd': 676, 'sale_ts': 1675715591610} to topic sales-usd partition 0 offset 3349
2023-02-06 22:33:17 root         INFO     Produced {'seller_id': 'DEN', 'amount_usd': 599, 'sale_ts': 1675715596818} to topic sales-usd partition 0 offset 3359
2023-02-06 22:33:22 root         INFO     Produced {'seller_id': 'OMA', 'amount_usd': 195, 'sale_ts': 1675715602026} to topic sales-usd partition 0 offset 3369
2023-02-06 22:33:27 root         INFO     Produced {'seller_id': 'LNK', 'amount_usd': 365, 'sale_ts': 1675715607240} to topic sales-usd partition 0 offset 3379
2023-02-06 22:33:32 root         INFO     Produced {'seller_id': 'DEN', 'amount_usd': 974, 'sale_ts': 1675715612458} to topic sales-usd partition 0 offset 3389
2023-02-06 22:33:37 root         INFO     Produced {'seller_id': 'OMA', 'amount_usd': 406, 'sale_ts': 1675715617662} to topic sales-usd partition 0 offset 3399
2023-02-06 22:33:43 root         INFO     Produced {'seller_id': 'KC', 'amount_usd': 651, 'sale_ts': 1675715622878} to topic sales-usd partition 0 offset 3409
2023-02-06 22:33:48 root         INFO     Produced {'seller_id': 'LNK', 'amount_usd': 832, 'sale_ts': 1675715628090} to topic sales-usd partition 0 offset 3419
2023-02-06 22:33:53 root         INFO     Produced {'seller_id': 'KC', 'amount_usd': 506, 'sale_ts': 1675715633309} to topic sales-usd partition 0 offset 3429
2023-02-06 22:33:58 root         INFO     Produced {'seller_id': 'KC', 'amount_usd': 628, 'sale_ts': 1675715638526} to topic sales-usd partition 0 offset 3439
2023-02-06 22:34:03 root         INFO     Produced {'seller_id': 'DEN', 'amount_usd': 686, 'sale_ts': 1675715643743} to topic sales-usd partition 0 offset 3449
2023-02-06 22:34:09 root         INFO     Produced {'seller_id': 'LNK', 'amount_usd': 863, 'sale_ts': 1675715648958} to topic sales-usd partition 0 offset 3459
2023-02-06 22:34:14 root         INFO     Produced {'seller_id': 'KC', 'amount_usd': 408, 'sale_ts': 1675715654177} to topic sales-usd partition 0 offset 3469
2023-02-06 22:34:19 root         INFO     Produced {'seller_id': 'OMA', 'amount_usd': 357, 'sale_ts': 1675715659394} to topic sales-usd partition 0 offset 3479
2023-02-06 22:34:24 root         INFO     Produced {'seller_id': 'LNK', 'amount_usd': 819, 'sale_ts': 1675715664611} to topic sales-usd partition 0 offset 3489
2023-02-06 22:34:30 root         INFO     Produced {'seller_id': 'DEN', 'amount_usd': 600, 'sale_ts': 1675715669829} to topic sales-usd partition 0 offset 3499
2023-02-06 22:34:35 root         INFO     Produced {'seller_id': 'OMA', 'amount_usd': 518, 'sale_ts': 1675715675046} to topic sales-usd partition 0 offset 3509
